TN:
SF:src/index.ts
FN:13,get
FNF:1
FNH:0
FNDA:0,get
DA:1,1
DA:2,1
DA:3,1
DA:4,1
DA:5,1
DA:6,1
DA:7,1
DA:8,1
DA:9,1
DA:10,1
DA:11,1
DA:12,1
DA:13,1
DA:14,1
DA:15,1
LF:15
LH:15
BRF:0
BRH:0
end_of_record
TN:
SF:src/getDataType/index.ts
FN:9,getDataType
FNF:1
FNH:1
FNDA:5,getDataType
DA:1,1
DA:2,1
DA:3,1
DA:4,1
DA:5,1
DA:6,1
DA:7,1
DA:8,1
DA:9,1
DA:10,5
DA:11,5
DA:12,5
DA:13,5
DA:14,3
DA:15,5
DA:16,2
DA:17,2
DA:18,2
DA:19,5
DA:20,1
DA:21,1
LF:21
LH:21
BRDA:9,0,0,5
BRDA:13,1,0,3
BRDA:15,2,0,2
BRF:3
BRH:3
end_of_record
TN:
SF:src/urlGetParam/index.ts
FN:7,urlGetParam
FNF:1
FNH:0
FNDA:0,urlGetParam
DA:1,1
DA:2,1
DA:3,1
DA:4,1
DA:5,1
DA:6,1
DA:7,1
DA:8,0
DA:9,0
DA:10,0
DA:11,0
DA:12,0
DA:13,0
DA:14,0
LF:14
LH:7
BRF:0
BRH:0
end_of_record
